e:\semester - 01\ipc 144\workshops\x64\debug\vc143.pdb
e:\semester - 01\ipc 144\workshops\x64\debug\vc143.idb
e:\semester - 01\ipc 144\workshops\x64\debug\w1p2.obj
e:\github repository\week-01\ws01\x64\debug\vc143.pdb
e:\github repository\week-01\ws01\x64\debug\vc143.idb
e:\github repository\week-01\ws01\x64\debug\w1p2.obj
e:\github repository\week-01\ws01\x64\debug\w1p1.obj
e:\semester - 01\ipc 144\workshops\x64\debug\workshop 1.exe
e:\semester - 01\ipc 144\workshops\x64\debug\workshop 1.ilk
e:\semester - 01\ipc 144\workshops\x64\debug\workshop 1.pdb
e:\github repository\week-01\ws01\x64\debug\workshop 1.pdb
e:\github repository\week-01\ws01\x64\debug\workshop 1.tlog\cl.command.1.tlog
e:\github repository\week-01\ws01\x64\debug\workshop 1.tlog\cl.read.1.tlog
e:\github repository\week-01\ws01\x64\debug\workshop 1.tlog\cl.write.1.tlog
e:\github repository\week-01\ws01\x64\debug\workshop 1.tlog\link-cvtres.read.1.tlog
e:\github repository\week-01\ws01\x64\debug\workshop 1.tlog\link-cvtres.write.1.tlog
e:\github repository\week-01\ws01\x64\debug\workshop 1.tlog\link-rc.read.1.tlog
e:\github repository\week-01\ws01\x64\debug\workshop 1.tlog\link-rc.write.1.tlog
e:\github repository\week-01\ws01\x64\debug\workshop 1.tlog\link.command.1.tlog
e:\github repository\week-01\ws01\x64\debug\workshop 1.tlog\link.read.1.tlog
e:\github repository\week-01\ws01\x64\debug\workshop 1.tlog\link.read.2.tlog
e:\github repository\week-01\ws01\x64\debug\workshop 1.tlog\link.write.1.tlog
